#
# There is insufficient memory for the Java Runtime Environment to continue.
# Native memory allocation (malloc) failed to allocate 1081776 bytes for Chunk::new
# Possible reasons:
#   The system is out of physical RAM or swap space
#   The process is running with CompressedOops enabled, and the Java Heap may be blocking the growth of the native heap
# Possible solutions:
#   Reduce memory load on the system
#   Increase physical memory or swap space
#   Check if swap backing store is full
#   Decrease Java heap size (-Xmx/-Xms)
#   Decrease number of Java threads
#   Decrease Java thread stack sizes (-Xss)
#   Set larger code cache with -XX:ReservedCodeCacheSize=
#   JVM is running with Unscaled Compressed Oops mode in which the Java heap is
#     placed in the first 4GB address space. The Java Heap base address is the
#     maximum limit for the native heap growth. Please use -XX:HeapBaseMinAddress
#     to set the Java Heap base and to place the Java Heap above 4GB virtual address.
# This output file may be truncated or incomplete.
#
#  Out of Memory Error (allocation.cpp:389), pid=21336, tid=0x00000000000029bc
#
# JRE version: OpenJDK Runtime Environment (8.0_302-b08) (build 1.8.0_302-b08)
# Java VM: OpenJDK 64-Bit Server VM (25.302-b08 mixed mode windows-amd64 compressed oops)
# Failed to write core dump. Minidumps are not enabled by default on client versions of Windows
#

---------------  T H R E A D  ---------------

Current thread (0x000002190029b800):  JavaThread "C2 CompilerThread2" daemon [_thread_in_native, id=10684, stack(0x000000eaa8200000,0x000000eaa8300000)]

Stack: [0x000000eaa8200000,0x000000eaa8300000]
[error occurred during error reporting (printing stack bounds), id 0xc0000005]

Native frames: (J=compiled Java code, j=interpreted, Vv=VM code, C=native code)


Current CompileTask:
C2:   3180 1620       4       org.objectweb.asm.commons.Remapper::mapType (121 bytes)


---------------  P R O C E S S  ---------------

Java Threads: ( => current thread )
  0x0000021901d37000 JavaThread "pool-1-thread-10" [_thread_in_Java, id=20736, stack(0x000000eaa8f00000,0x000000eaa9000000)]
  0x0000021901d36000 JavaThread "pool-1-thread-9" [_thread_blocked, id=15008, stack(0x000000eaa8e00000,0x000000eaa8f00000)]
  0x0000021901d2c800 JavaThread "pool-1-thread-8" [_thread_in_native, id=5956, stack(0x000000eaa8d00000,0x000000eaa8e00000)]
  0x0000021901d29800 JavaThread "pool-1-thread-7" [_thread_in_Java, id=15644, stack(0x000000eaa8c00000,0x000000eaa8d00000)]
  0x0000021901d21800 JavaThread "pool-1-thread-6" [_thread_in_Java, id=10836, stack(0x000000eaa8b00000,0x000000eaa8c00000)]
  0x0000021901d20800 JavaThread "pool-1-thread-5" [_thread_in_native, id=19536, stack(0x000000eaa8a00000,0x000000eaa8b00000)]
  0x0000021901d18000 JavaThread "pool-1-thread-4" [_thread_in_Java, id=15716, stack(0x000000eaa8900000,0x000000eaa8a00000)]
  0x0000021901d04000 JavaThread "pool-1-thread-3" [_thread_blocked, id=4968, stack(0x000000eaa8800000,0x000000eaa8900000)]
  0x0000021901cfe800 JavaThread "pool-1-thread-2" [_thread_in_Java, id=21428, stack(0x000000eaa8700000,0x000000eaa8800000)]
  0x0000021901d06000 JavaThread "pool-1-thread-1" [_thread_in_Java, id=20964, stack(0x000000eaa8600000,0x000000eaa8700000)]
  0x000002190030e000 JavaThread "Service Thread" daemon [_thread_blocked, id=21112, stack(0x000000eaa8400000,0x000000eaa8500000)]
  0x00000219002b0000 JavaThread "C1 CompilerThread3" daemon [_thread_in_native, id=6948, stack(0x000000eaa8300000,0x000000eaa8400000)]
=>0x000002190029b800 JavaThread "C2 CompilerThread2" daemon [_thread_in_native, id=10684, stack(0x000000eaa8200000,0x000000eaa8300000)]
  0x0000021900299000 JavaThread "C2 CompilerThread1" daemon [_thread_in_native, id=16788, stack(0x000000eaa8100000,0x000000eaa8200000)]
  0x000002190029f800 JavaThread "C2 CompilerThread0" daemon [_thread_in_native, id=22320, stack(0x000000eaa8000000,0x000000eaa8100000)]
  0x0000021900290800 JavaThread "Attach Listener" daemon [_thread_blocked, id=15800, stack(0x000000eaa7f00000,0x000000eaa8000000)]
  0x000002190028b000 JavaThread "Signal Dispatcher" daemon [_thread_blocked, id=18600, stack(0x000000eaa7e00000,0x000000eaa7f00000)]
  0x000002197f5ee800 JavaThread "Finalizer" daemon [_thread_blocked, id=11236, stack(0x000000eaa7d00000,0x000000eaa7e00000)]
  0x000002190025a000 JavaThread "Reference Handler" daemon [_thread_blocked, id=17624, stack(0x000000eaa7c00000,0x000000eaa7d00000)]
  0x0000021969f88800 JavaThread "main" [_thread_blocked, id=14792, stack(0x000000eaa7200000,0x000000eaa7300000)]

Other Threads:
  0x0000021900233800 VMThread [stack: 0x000000eaa7b00000,0x000000eaa7c00000] [id=8952]
  0x00000219002c0800 WatcherThread [stack: 0x000000eaa8500000,0x000000eaa8600000] [id=14788]

VM state:not at safepoint (normal execution)

VM Mutex/Monitor currently owned by a thread: None

OutOfMemory and StackOverflow Exception counts:
OutOfMemoryError java_heap_errors=1

heap address: 0x0000000090a00000, size: 1782 MB, Compressed Oops mode: 32-bit
Narrow klass base: 0x0000000000000000, Narrow klass shift: 3
Compressed class space size: 1073741824 Address: 0x0000000100000000

Heap:
 PSYoungGen      total 33280K, used 29387K [0x00000000dae00000, 0x00000000dd300000, 0x0000000100000000)
  eden space 28672K, 93% used [0x00000000dae00000,0x00000000dc811428,0x00000000dca00000)
  from space 4608K, 58% used [0x00000000dce80000,0x00000000dd1218e0,0x00000000dd300000)
  to   space 4608K, 0% used [0x00000000dca00000,0x00000000dca00000,0x00000000dce80000)
 ParOldGen       total 66560K, used 47487K [0x0000000090a00000, 0x0000000094b00000, 0x00000000dae00000)
  object space 66560K, 71% used [0x0000000090a00000,0x000000009385fdf8,0x0000000094b00000)
 Metaspace       used 9320K, capacity 9366K, committed 9600K, reserved 1058816K
  class space    used 870K, capacity 883K, committed 896K, reserved 1048576K

Card table byte_map: [0x000002197abb0000,0x000002197af30000] byte_map_base: 0x000002197a72b000

Marking Bits: (ParMarkBitMap*) 0x0000000053dbc820
 Begin Bits: [0x000002197b190000, 0x000002197cd68000)
 End Bits:   [0x000002197cd68000, 0x000002197e940000)

Polling page: 0x0000021969f20000

CodeCache: size=245760Kb used=6771Kb max_used=6771Kb free=238988Kb
 bounds [0x000002196b7f0000, 0x000002196bea0000, 0x000002197a7f0000]
 total_blobs=2078 nmethods=1742 adapters=249
 compilation: enabled

Compilation events (10 events):
Event: 3.134 Thread 0x00000219002b0000 1814       2       kotlin.collections.CollectionsKt___CollectionsKt::toSet (138 bytes)
Event: 3.136 Thread 0x00000219002b0000 nmethod 1814 0x000002196be8ae50 code [0x000002196be8b0a0, 0x000002196be8b900]
Event: 3.136 Thread 0x00000219002b0000 1783       2       sun.nio.fs.WindowsPath::getFileSystem (5 bytes)
Event: 3.136 Thread 0x00000219002b0000 nmethod 1783 0x000002196be8bd50 code [0x000002196be8bea0, 0x000002196be8bff8]
Event: 3.136 Thread 0x00000219002b0000 1755       2       org.objectweb.asm.AnnotationWriter::visitArray (74 bytes)
Event: 3.137 Thread 0x00000219002b0000 nmethod 1755 0x000002196be8c090 code [0x000002196be8c220, 0x000002196be8c560]
Event: 3.167 Thread 0x00000219002b0000 1827       2       java.util.LinkedHashMap::keySet (25 bytes)
Event: 3.168 Thread 0x00000219002b0000 nmethod 1827 0x000002196be8c750 code [0x000002196be8c8a0, 0x000002196be8ca78]
Event: 3.170 Thread 0x00000219002b0000 1828 %     3       com.google.gson.internal.bind.CollectionTypeAdapterFactory$Adapter::read @ 33 (66 bytes)
Event: 3.172 Thread 0x00000219002b0000 nmethod 1828% 0x000002196be8cb10 code [0x000002196be8cd20, 0x000002196be8d740]

GC Heap History (10 events):
Event: 2.912 GC heap before
{Heap before GC invocations=17 (full 1):
 PSYoungGen      total 33280K, used 32894K [0x00000000dae00000, 0x00000000dd300000, 0x0000000100000000)
  eden space 28672K, 100% used [0x00000000dae00000,0x00000000dca00000,0x00000000dca00000)
  from space 4608K, 91% used [0x00000000dca00000,0x00000000dce1f968,0x00000000dce80000)
  to   space 4608K, 0% used [0x00000000dce80000,0x00000000dce80000,0x00000000dd300000)
 ParOldGen       total 66560K, used 30191K [0x0000000090a00000, 0x0000000094b00000, 0x00000000dae00000)
  object space 66560K, 45% used [0x0000000090a00000,0x000000009277bea8,0x0000000094b00000)
 Metaspace       used 9269K, capacity 9366K, committed 9600K, reserved 1058816K
  class space    used 868K, capacity 883K, committed 896K, reserved 1048576K
Event: 2.920 GC heap after
Heap after GC invocations=17 (full 1):
 PSYoungGen      total 33280K, used 3443K [0x00000000dae00000, 0x00000000dd300000, 0x0000000100000000)
  eden space 28672K, 0% used [0x00000000dae00000,0x00000000dae00000,0x00000000dca00000)
  from space 4608K, 74% used [0x00000000dce80000,0x00000000dd1dce88,0x00000000dd300000)
  to   space 4608K, 0% used [0x00000000dca00000,0x00000000dca00000,0x00000000dce80000)
 ParOldGen       total 66560K, used 32073K [0x0000000090a00000, 0x0000000094b00000, 0x00000000dae00000)
  object space 66560K, 48% used [0x0000000090a00000,0x00000000929527d0,0x0000000094b00000)
 Metaspace       used 9269K, capacity 9366K, committed 9600K, reserved 1058816K
  class space    used 868K, capacity 883K, committed 896K, reserved 1048576K
}
Event: 2.953 GC heap before
{Heap before GC invocations=18 (full 1):
 PSYoungGen      total 33280K, used 32115K [0x00000000dae00000, 0x00000000dd300000, 0x0000000100000000)
  eden space 28672K, 100% used [0x00000000dae00000,0x00000000dca00000,0x00000000dca00000)
  from space 4608K, 74% used [0x00000000dce80000,0x00000000dd1dce88,0x00000000dd300000)
  to   space 4608K, 0% used [0x00000000dca00000,0x00000000dca00000,0x00000000dce80000)
 ParOldGen       total 66560K, used 32187K [0x0000000090a00000, 0x0000000094b00000, 0x00000000dae00000)
  object space 66560K, 48% used [0x0000000090a00000,0x000000009296ef80,0x0000000094b00000)
 Metaspace       used 9278K, capacity 9366K, committed 9600K, reserved 1058816K
  class space    used 868K, capacity 883K, committed 896K, reserved 1048576K
Event: 2.960 GC heap after
Heap after GC invocations=18 (full 1):
 PSYoungGen      total 33280K, used 4598K [0x00000000dae00000, 0x00000000dd300000, 0x0000000100000000)
  eden space 28672K, 0% used [0x00000000dae00000,0x00000000dae00000,0x00000000dca00000)
  from space 4608K, 99% used [0x00000000dca00000,0x00000000dce7dba8,0x00000000dce80000)
  to   space 4608K, 0% used [0x00000000dce80000,0x00000000dce80000,0x00000000dd300000)
 ParOldGen       total 66560K, used 36156K [0x0000000090a00000, 0x0000000094b00000, 0x00000000dae00000)
  object space 66560K, 54% used [0x0000000090a00000,0x0000000092d4f110,0x0000000094b00000)
 Metaspace       used 9278K, capacity 9366K, committed 9600K, reserved 1058816K
  class space    used 868K, capacity 883K, committed 896K, reserved 1048576K
}
Event: 3.004 GC heap before
{Heap before GC invocations=19 (full 1):
 PSYoungGen      total 33280K, used 33270K [0x00000000dae00000, 0x00000000dd300000, 0x0000000100000000)
  eden space 28672K, 100% used [0x00000000dae00000,0x00000000dca00000,0x00000000dca00000)
  from space 4608K, 99% used [0x00000000dca00000,0x00000000dce7dba8,0x00000000dce80000)
  to   space 4608K, 0% used [0x00000000dce80000,0x00000000dce80000,0x00000000dd300000)
 ParOldGen       total 66560K, used 36156K [0x0000000090a00000, 0x0000000094b00000, 0x00000000dae00000)
  object space 66560K, 54% used [0x0000000090a00000,0x0000000092d4f110,0x0000000094b00000)
 Metaspace       used 9290K, capacity 9366K, committed 9600K, reserved 1058816K
  class space    used 870K, capacity 883K, committed 896K, reserved 1048576K
Event: 3.016 GC heap after
Heap after GC invocations=19 (full 1):
 PSYoungGen      total 33280K, used 4607K [0x00000000dae00000, 0x00000000dd300000, 0x0000000100000000)
  eden space 28672K, 0% used [0x00000000dae00000,0x00000000dae00000,0x00000000dca00000)
  from space 4608K, 99% used [0x00000000dce80000,0x00000000dd2ffe48,0x00000000dd300000)
  to   space 4608K, 0% used [0x00000000dca00000,0x00000000dca00000,0x00000000dce80000)
 ParOldGen       total 66560K, used 41862K [0x0000000090a00000, 0x0000000094b00000, 0x00000000dae00000)
  object space 66560K, 62% used [0x0000000090a00000,0x00000000932e1a10,0x0000000094b00000)
 Metaspace       used 9290K, capacity 9366K, committed 9600K, reserved 1058816K
  class space    used 870K, capacity 883K, committed 896K, reserved 1048576K
}
Event: 3.058 GC heap before
{Heap before GC invocations=20 (full 1):
 PSYoungGen      total 33280K, used 33279K [0x00000000dae00000, 0x00000000dd300000, 0x0000000100000000)
  eden space 28672K, 100% used [0x00000000dae00000,0x00000000dca00000,0x00000000dca00000)
  from space 4608K, 99% used [0x00000000dce80000,0x00000000dd2ffe48,0x00000000dd300000)
  to   space 4608K, 0% used [0x00000000dca00000,0x00000000dca00000,0x00000000dce80000)
 ParOldGen       total 66560K, used 41862K [0x0000000090a00000, 0x0000000094b00000, 0x00000000dae00000)
  object space 66560K, 62% used [0x0000000090a00000,0x00000000932e1a10,0x0000000094b00000)
 Metaspace       used 9300K, capacity 9366K, committed 9600K, reserved 1058816K
  class space    used 870K, capacity 883K, committed 896K, reserved 1048576K
Event: 3.064 GC heap after
Heap after GC invocations=20 (full 1):
 PSYoungGen      total 33280K, used 3404K [0x00000000dae00000, 0x00000000dd300000, 0x0000000100000000)
  eden space 28672K, 0% used [0x00000000dae00000,0x00000000dae00000,0x00000000dca00000)
  from space 4608K, 73% used [0x00000000dca00000,0x00000000dcd532b0,0x00000000dce80000)
  to   space 4608K, 0% used [0x00000000dce80000,0x00000000dce80000,0x00000000dd300000)
 ParOldGen       total 66560K, used 45591K [0x0000000090a00000, 0x0000000094b00000, 0x00000000dae00000)
  object space 66560K, 68% used [0x0000000090a00000,0x0000000093685ef0,0x0000000094b00000)
 Metaspace       used 9300K, capacity 9366K, committed 9600K, reserved 1058816K
  class space    used 870K, capacity 883K, committed 896K, reserved 1048576K
}
Event: 3.102 GC heap before
{Heap before GC invocations=21 (full 1):
 PSYoungGen      total 33280K, used 32076K [0x00000000dae00000, 0x00000000dd300000, 0x0000000100000000)
  eden space 28672K, 100% used [0x00000000dae00000,0x00000000dca00000,0x00000000dca00000)
  from space 4608K, 73% used [0x00000000dca00000,0x00000000dcd532b0,0x00000000dce80000)
  to   space 4608K, 0% used [0x00000000dce80000,0x00000000dce80000,0x00000000dd300000)
 ParOldGen       total 66560K, used 45595K [0x0000000090a00000, 0x0000000094b00000, 0x00000000dae00000)
  object space 66560K, 68% used [0x0000000090a00000,0x0000000093686d60,0x0000000094b00000)
 Metaspace       used 9300K, capacity 9366K, committed 9600K, reserved 1058816K
  class space    used 870K, capacity 883K, committed 896K, reserved 1048576K
Event: 3.106 GC heap after
Heap after GC invocations=21 (full 1):
 PSYoungGen      total 33280K, used 2694K [0x00000000dae00000, 0x00000000dd300000, 0x0000000100000000)
  eden space 28672K, 0% used [0x00000000dae00000,0x00000000dae00000,0x00000000dca00000)
  from space 4608K, 58% used [0x00000000dce80000,0x00000000dd1218e0,0x00000000dd300000)
  to   space 4608K, 0% used [0x00000000dca00000,0x00000000dca00000,0x00000000dce80000)
 ParOldGen       total 66560K, used 47487K [0x0000000090a00000, 0x0000000094b00000, 0x00000000dae00000)
  object space 66560K, 71% used [0x0000000090a00000,0x000000009385fdf8,0x0000000094b00000)
 Metaspace       used 9300K, capacity 9366K, committed 9600K, reserved 1058816K
  class space    used 870K, capacity 883K, committed 896K, reserved 1048576K
}

Deoptimization events (10 events):
Event: 2.322 Thread 0x0000021901d06000 Uncommon trap: reason=bimorphic action=maybe_recompile pc=0x000002196bac7c50 method=java.util.regex.Pattern$Slice.match(Ljava/util/regex/Matcher;ILjava/lang/CharSequence;)Z @ 75
Event: 2.323 Thread 0x0000021901d06000 Uncommon trap: reason=bimorphic action=maybe_recompile pc=0x000002196bac7c50 method=java.util.regex.Pattern$Slice.match(Ljava/util/regex/Matcher;ILjava/lang/CharSequence;)Z @ 75
Event: 2.330 Thread 0x0000021901d18000 Uncommon trap: reason=unstable_if action=reinterpret pc=0x000002196bc139f8 method=java.lang.ThreadLocal$ThreadLocalMap.getEntry(Ljava/lang/ThreadLocal;)Ljava/lang/ThreadLocal$ThreadLocalMap$Entry; @ 21
Event: 2.355 Thread 0x0000021901d04000 Uncommon trap: reason=unstable_if action=reinterpret pc=0x000002196bca7164 method=java.lang.Integer.valueOf(I)Ljava/lang/Integer; @ 3
Event: 2.508 Thread 0x0000021901d20800 Uncommon trap: reason=range_check action=make_not_entrant pc=0x000002196bd417bc method=org.objectweb.asm.Type.getType([CI)Lorg/objectweb/asm/Type; @ 162
Event: 2.998 Thread 0x0000021901d06000 Uncommon trap: reason=unstable_if action=reinterpret pc=0x000002196bd1ac3c method=org.objectweb.asm.Type.getType([CI)Lorg/objectweb/asm/Type; @ 165
Event: 3.044 Thread 0x0000021901d06000 Uncommon trap: reason=unstable_if action=reinterpret pc=0x000002196bcfb1f8 method=org.objectweb.asm.ClassReader.readUTF(II[C)Ljava/lang/String; @ 77
Event: 3.044 Thread 0x0000021901d06000 Uncommon trap: reason=unstable_if action=reinterpret pc=0x000002196bd041e4 method=org.objectweb.asm.ByteVector.putUTF8(Ljava/lang/String;)Lorg/objectweb/asm/ByteVector; @ 98
Event: 3.167 Thread 0x0000021901d29800 Uncommon trap: reason=unstable_if action=reinterpret pc=0x000002196bd44598 method=com.android.tools.build.jetifier.core.TypeRewriter.rewriteType(Lcom/android/tools/build/jetifier/core/type/JavaType;)Lcom/android/tools/build/jetifier/core/type/JavaType; @ 
Event: 3.168 Thread 0x0000021901d29800 Uncommon trap: reason=bimorphic action=maybe_recompile pc=0x000002196be25b3c method=java.util.regex.Pattern$Begin.match(Ljava/util/regex/Matcher;ILjava/lang/CharSequence;)Z @ 30

Classes redefined (0 events):
No events

Internal exceptions (10 events):
Event: 0.390 Thread 0x0000021969f88800 Exception <a 'java/lang/ArrayIndexOutOfBoundsException': 18> (0x00000000db434338) thrown at [J:\jenkins\tmp\workspace\build\src\hotspot\src\share\vm\interpreter\interpreterRuntime.cpp, line 371]
Event: 0.390 Thread 0x0000021969f88800 Exception <a 'java/lang/ArrayIndexOutOfBoundsException': 55> (0x00000000db4350a8) thrown at [J:\jenkins\tmp\workspace\build\src\hotspot\src\share\vm\interpreter\interpreterRuntime.cpp, line 371]
Event: 0.391 Thread 0x0000021969f88800 Exception <a 'java/lang/ArrayIndexOutOfBoundsException': 40> (0x00000000db435f18) thrown at [J:\jenkins\tmp\workspace\build\src\hotspot\src\share\vm\interpreter\interpreterRuntime.cpp, line 371]
Event: 0.495 Thread 0x0000021969f88800 Exception <a 'java/lang/ArrayIndexOutOfBoundsException'> (0x00000000db8abd90) thrown at [J:\jenkins\tmp\workspace\build\src\hotspot\src\share\vm\runtime\sharedRuntime.cpp, line 609]
Event: 0.501 Thread 0x0000021969f88800 Exception <a 'java/lang/ArrayIndexOutOfBoundsException'> (0x00000000db8c7110) thrown at [J:\jenkins\tmp\workspace\build\src\hotspot\src\share\vm\runtime\sharedRuntime.cpp, line 609]
Event: 0.516 Thread 0x0000021969f88800 Exception <a 'java/lang/ArrayIndexOutOfBoundsException'> (0x00000000db918550) thrown at [J:\jenkins\tmp\workspace\build\src\hotspot\src\share\vm\runtime\sharedRuntime.cpp, line 609]
Event: 0.519 Thread 0x0000021969f88800 Exception <a 'java/lang/ArrayIndexOutOfBoundsException'> (0x00000000db92db58) thrown at [J:\jenkins\tmp\workspace\build\src\hotspot\src\share\vm\runtime\sharedRuntime.cpp, line 609]
Event: 2.321 Thread 0x0000021901d06000 Implicit null exception at 0x000002196bce822c to 0x000002196bce8359
Event: 2.321 Thread 0x0000021901d29800 Implicit null exception at 0x000002196bc13534 to 0x000002196bc135b5
Event: 2.330 Thread 0x0000021901d18000 Implicit null exception at 0x000002196bc13970 to 0x000002196bc139dd

Events (10 events):
Event: 3.117 Thread 0x0000021901d06000 DEOPT UNPACKING pc=0x000002196b8371d8 sp=0x000000eaa86fdaf8 mode 0
Event: 3.117 Thread 0x0000021901d06000 DEOPT PACKING pc=0x000002196be642ff sp=0x000000eaa86fdf50
Event: 3.117 Thread 0x0000021901d06000 DEOPT UNPACKING pc=0x000002196b8371d8 sp=0x000000eaa86fdc40 mode 0
Event: 3.123 Thread 0x0000021901d06000 DEOPT PACKING pc=0x000002196be642ff sp=0x000000eaa86fdd80
Event: 3.123 Thread 0x0000021901d06000 DEOPT UNPACKING pc=0x000002196b8371d8 sp=0x000000eaa86fda70 mode 0
Event: 3.167 Thread 0x0000021901d29800 Uncommon trap: trap_request=0xffffff65 fr.pc=0x000002196bd44598
Event: 3.167 Thread 0x0000021901d29800 DEOPT PACKING pc=0x000002196bd44598 sp=0x000000eaa8cfe370
Event: 3.167 Thread 0x0000021901d29800 DEOPT UNPACKING pc=0x000002196b835583 sp=0x000000eaa8cfe368 mode 2
Event: 3.168 Thread 0x0000021901d29800 Uncommon trap: trap_request=0xffffffc6 fr.pc=0x000002196be25b3c
Event: 3.168 Thread 0x0000021901d29800 DEOPT PACKING pc=0x000002196be25b3c sp=0x000000eaa8cfddd0


Dynamic libraries:
0x00007ff643810000 - 0x00007ff64384a000 	C:\Program Files\Eclipse Foundation\jdk-8.0.302.8-hotspot\bin\java.exe
0x00007fffe2ad0000 - 0x00007fffe2cc5000 	C:\WINDOWS\SYSTEM32\ntdll.dll
0x00007fffe1390000 - 0x00007fffe144e000 	C:\WINDOWS\System32\KERNEL32.DLL
0x00007fffe0620000 - 0x00007fffe08e8000 	C:\WINDOWS\System32\KERNELBASE.dll
0x00007fffe2850000 - 0x00007fffe28fe000 	C:\WINDOWS\System32\ADVAPI32.dll
0x00007fffe29f0000 - 0x00007fffe2a8e000 	C:\WINDOWS\System32\msvcrt.dll
0x00007fffe10e0000 - 0x00007fffe117c000 	C:\WINDOWS\System32\sechost.dll
0x00007fffe1d80000 - 0x00007fffe1ea5000 	C:\WINDOWS\System32\RPCRT4.dll
0x00007fffe1920000 - 0x00007fffe1ac1000 	C:\WINDOWS\System32\USER32.dll
0x00007fffe0450000 - 0x00007fffe0472000 	C:\WINDOWS\System32\win32u.dll
0x00007fffe1b50000 - 0x00007fffe1b7b000 	C:\WINDOWS\System32\GDI32.dll
0x00007fffe0480000 - 0x00007fffe058d000 	C:\WINDOWS\System32\gdi32full.dll
0x00007fffe0a70000 - 0x00007fffe0b0d000 	C:\WINDOWS\System32\msvcp_win.dll
0x00007fffe0940000 - 0x00007fffe0a40000 	C:\WINDOWS\System32\ucrtbase.dll
0x00007fffcecc0000 - 0x00007fffcef5a000 	C:\WINDOWS\WinSxS\amd64_microsoft.windows.common-controls_6595b64144ccf1df_6.0.19041.1110_none_60b5254171f9507e\COMCTL32.dll
0x00007fffe1050000 - 0x00007fffe1080000 	C:\WINDOWS\System32\IMM32.DLL
0x00007fff74a90000 - 0x00007fff74b7f000 	C:\Program Files\Eclipse Foundation\jdk-8.0.302.8-hotspot\jre\bin\msvcr120.dll
0x00007fff749e0000 - 0x00007fff74a86000 	C:\Program Files\Eclipse Foundation\jdk-8.0.302.8-hotspot\jre\bin\msvcp120.dll
0x00000000535d0000 - 0x0000000053e3b000 	C:\Program Files\Eclipse Foundation\jdk-8.0.302.8-hotspot\jre\bin\server\jvm.dll
0x00007fffe1ed0000 - 0x00007fffe1ed8000 	C:\WINDOWS\System32\PSAPI.DLL
0x00007fffd64c0000 - 0x00007fffd64e7000 	C:\WINDOWS\SYSTEM32\WINMM.dll
0x00007fffd64f0000 - 0x00007fffd64fa000 	C:\WINDOWS\SYSTEM32\VERSION.dll
0x00007fffd8f30000 - 0x00007fffd8f39000 	C:\WINDOWS\SYSTEM32\WSOCK32.dll
0x00007fffe1ee0000 - 0x00007fffe1f4b000 	C:\WINDOWS\System32\WS2_32.dll
0x00007fffd8f20000 - 0x00007fffd8f2f000 	C:\Program Files\Eclipse Foundation\jdk-8.0.302.8-hotspot\jre\bin\verify.dll
0x00007fffa58f0000 - 0x00007fffa5919000 	C:\Program Files\Eclipse Foundation\jdk-8.0.302.8-hotspot\jre\bin\java.dll
0x00007fffd8f00000 - 0x00007fffd8f16000 	C:\Program Files\Eclipse Foundation\jdk-8.0.302.8-hotspot\jre\bin\zip.dll
0x00007fffe2100000 - 0x00007fffe2844000 	C:\WINDOWS\System32\SHELL32.dll
0x00007fffde0e0000 - 0x00007fffde875000 	C:\WINDOWS\SYSTEM32\windows.storage.dll
0x00007fffe1510000 - 0x00007fffe1865000 	C:\WINDOWS\System32\combase.dll
0x00007fffdfa80000 - 0x00007fffdfaae000 	C:\WINDOWS\SYSTEM32\Wldp.dll
0x00007fffe1870000 - 0x00007fffe191d000 	C:\WINDOWS\System32\SHCORE.dll
0x00007fffe1080000 - 0x00007fffe10d5000 	C:\WINDOWS\System32\shlwapi.dll
0x00007fffe0120000 - 0x00007fffe013f000 	C:\WINDOWS\SYSTEM32\profapi.dll
0x00007fff749c0000 - 0x00007fff749da000 	C:\Program Files\Eclipse Foundation\jdk-8.0.302.8-hotspot\jre\bin\net.dll
0x00007fffdf860000 - 0x00007fffdf8ca000 	C:\WINDOWS\system32\mswsock.dll
0x00007fff749a0000 - 0x00007fff749b2000 	C:\Program Files\Eclipse Foundation\jdk-8.0.302.8-hotspot\jre\bin\nio.dll

VM Arguments:
java_command: com.xamarin.androidx.jetifierWrapper.Main -intermediate obj\Debug\110\androidx\_AndroidXJetifyEmbeddedFiles.jetify -parallel
java_class_path (initial): C:\Users\humph\.nuget\packages\xamarin.androidx.migration\1.0.8\buildTransitive\monoandroid90\Tools/JetifierWrapper/jetifierWrapper-1.0.jar
Launcher Type: SUN_STANDARD

Environment Variables:
PATH=C:\Program Files\Eclipse Foundation\jdk-8.0.302.8-hotspot\bin;C:\Program Files\NVIDIA GPU Computing Toolkit\CUDA\v11.5\bin;C:\Program Files\NVIDIA GPU Computing Toolkit\CUDA\v11.5\libnvvp;C:\WINDOWS\system32;C:\WINDOWS;C:\WINDOWS\System32\Wbem;C:\WINDOWS\System32\WindowsPowerShell\v1.0\;C:\WINDOWS\System32\OpenSSH\;C:\Program Files\Microsoft SQL Server\130\Tools\Binn\;C:\Program Files\Git\cmd;C:\Program Files\PuTTY\;C:\Program Files\Docker\Docker\resources\bin;C:\ProgramData\DockerDesktop\version-bin;C:\Program Files (x86)\NVIDIA Corporation\PhysX\Common;C:\Program Files\Microsoft SQL Server\140\Tools\Binn\;C:\WINDOWS\system32;C:\WINDOWS;C:\WINDOWS\System32\Wbem;C:\WINDOWS\System32\WindowsPowerShell\v1.0\;C:\WINDOWS\System32\OpenSSH\;C:\Program Files\Microsoft SQL Server\150\Tools\Binn\;C:\Program Files\Microsoft SQL Server\Client SDK\ODBC\170\Tools\Binn\;C:\Program Files\cuDNN\cuda\bin;C:\Program Files\cuDNN\cuda\lib\x64;C:\Program Files\NVIDIA Corporation\Nsight Compute 2021.3.0\;C:\Program Files (x86)\Microsoft SQL Server\150\Tools\Binn\;C:\Program Files\Microsoft SQL Server\150\DTS\Binn\;C:\Program Files (x86)\Microsoft SQL Server\150\DTS\Binn\;C:\Program Files\dotnet\;C:\Program Files\MySQL\MySQL Shell 8.0\bin\;C:\Users\humph\Anaconda3;C:\Users\humph\Anaconda3\Library\mingw-w64\bin;C:\Users\humph\Anaconda3\Library\usr\bin;C:\Users\humph\Anaconda3\Library\bin;C:\Users\humph\Anaconda3\Scripts;C:\Users\humph\AppData\Local\Microsoft\WindowsApps;C:\Users\humph\AppData\Local\Programs\Microsoft VS Code\bin;C:\MinGW\bin;C:\Users\humph\.dotnet\tools;C:\Program Files\Azure Data Studio\bin
USERNAME=humph
OS=Windows_NT
PROCESSOR_IDENTIFIER=AMD64 Family 23 Model 17 Stepping 0, AuthenticAMD



---------------  S Y S T E M  ---------------

OS: Windows 10.0 , 64 bit Build 19041 (10.0.19041.1466)

CPU:total 8 (initial active 8) (8 cores per cpu, 1 threads per core) family 23 model 17 stepping 0, cmov, cx8, fxsr, mmx, sse, sse2, sse3, ssse3, sse4.1, sse4.2, popcnt, avx, avx2, aes, clmul, mmxext, 3dnowpref, lzcnt, sse4a, tsc, tscinvbit, tscinv, bmi1

Memory: 4k page, physical 7294768k(1024132k free), swap 14543088k(1212k free)

vm_info: OpenJDK 64-Bit Server VM (25.302-b08) for windows-amd64 JRE (1.8.0_302-b08), built on Jul 20 2021 21:31:03 by "jenkins" with MS VC++ 12.0 (VS2013)

time: Sun Jan 30 20:11:02 2022
timezone: E. Africa Standard Time
elapsed time: 3.192100 seconds (0d 0h 0m 3s)

